<?xml version="1.0" encoding="UTF-8"?>
<!-- Generated by org.testng.reporters.JUnitReportReporter -->
<testsuite hostname="DESKTOP-CG5NQD4" failures="0" tests="1" name="ecommerce.Project.Test_Case5" time="9.236" errors="0" timestamp="2024-07-15T00:40:41 IST" skipped="0">
  <testcase classname="ecommerce.Project.Test_Case5" name="Search_shoes" time="9.236"/>
  <system-out/>
</testsuite> <!-- ecommerce.Project.Test_Case5 -->
