<?xml version="1.0" encoding="UTF-8"?>
<!-- Generated by org.testng.reporters.JUnitReportReporter -->
<testsuite hostname="DESKTOP-CG5NQD4" failures="0" tests="1" name="ecommerce.Project.Test_Case2" time="17.086" errors="0" timestamp="2024-07-12T00:26:08 IST" skipped="0">
  <testcase classname="ecommerce.Project.Test_Case2" name="login_to_Amazon_Valid_Cred" time="17.086"/>
  <system-out/>
</testsuite> <!-- ecommerce.Project.Test_Case2 -->
