<?xml version="1.0" encoding="UTF-8"?>
<!-- Generated by org.testng.reporters.JUnitReportReporter -->
<testsuite hostname="DESKTOP-CG5NQD4" failures="0" tests="1" name="ecommerce.Project.Test_Case3" time="11.095" errors="0" timestamp="2024-07-12T00:44:14 IST" skipped="0">
  <testcase classname="ecommerce.Project.Test_Case3" name="login_to_Amazon_inValid_Cred" time="11.095"/>
  <system-out>
    <![CDATA[login with invalid mobile number]]>
  </system-out>
</testsuite> <!-- ecommerce.Project.Test_Case3 -->
