<?xml version="1.0" encoding="UTF-8"?>
<!-- Generated by org.testng.reporters.JUnitReportReporter -->
<testsuite hostname="DESKTOP-CG5NQD4" failures="0" tests="1" name="ecommerce.Project.Test_Case1" time="7.865" errors="0" timestamp="2024-07-11T23:57:25 IST" skipped="0">
  <testcase classname="ecommerce.Project.Test_Case1" name="new_user_registration" time="7.865"/>
  <system-out/>
</testsuite> <!-- ecommerce.Project.Test_Case1 -->
